#
# There is insufficient memory for the Java Runtime Environment to continue.
# Native memory allocation (malloc) failed to allocate 1048576 bytes for AllocateHeap
# Possible reasons:
#   The system is out of physical RAM or swap space
#   The process is running with CompressedOops enabled, and the Java Heap may be blocking the growth of the native heap
# Possible solutions:
#   Reduce memory load on the system
#   Increase physical memory or swap space
#   Check if swap backing store is full
#   Decrease Java heap size (-Xmx/-Xms)
#   Decrease number of Java threads
#   Decrease Java thread stack sizes (-Xss)
#   Set larger code cache with -XX:ReservedCodeCacheSize=
#   JVM is running with Zero Based Compressed Oops mode in which the Java heap is
#     placed in the first 32GB address space. The Java Heap base address is the
#     maximum limit for the native heap growth. Please use -XX:HeapBaseMinAddress
#     to set the Java Heap base and to place the Java Heap above 32GB virtual address.
# This output file may be truncated or incomplete.
#
#  Out of Memory Error (memory/allocation.inline.hpp:61), pid=38564, tid=0x000000000000a5fc
#
# JRE version:  (8.0_202-b08) (build )
# Java VM: Java HotSpot(TM) 64-Bit Server VM (25.202-b08 mixed mode windows-amd64 compressed oops)
# Failed to write core dump. Minidumps are not enabled by default on client versions of Windows
#

---------------  T H R E A D  ---------------

Current thread (0x00000000032ce800):  JavaThread "Unknown thread" [_thread_in_vm, id=42492, stack(0x0000000002c50000,0x0000000002d50000)]

Stack: [0x0000000002c50000,0x0000000002d50000]
[error occurred during error reporting (printing stack bounds), id 0xc0000005]

Native frames: (J=compiled Java code, j=interpreted, Vv=VM code, C=native code)


---------------  P R O C E S S  ---------------

Java Threads: ( => current thread )

Other Threads:

=>0x00000000032ce800 (exited) JavaThread "Unknown thread" [_thread_in_vm, id=42492, stack(0x0000000002c50000,0x0000000002d50000)]

VM state:not at safepoint (normal execution)

VM Mutex/Monitor currently owned by a thread: None

heap address: 0x00000006c3600000, size: 4042 MB, Compressed Oops mode: Zero based, Oop shift amount: 3
Narrow klass base: 0x0000000000000000, Narrow klass shift: 3
Compressed class space size: 1073741824 Address: 0x00000007c0000000

Heap:
 PSYoungGen      total 75776K, used 1300K [0x000000076bd00000, 0x0000000771180000, 0x00000007c0000000)
  eden space 65024K, 2% used [0x000000076bd00000,0x000000076be451f8,0x000000076fc80000)
  from space 10752K, 0% used [0x0000000770700000,0x0000000770700000,0x0000000771180000)
  to   space 10752K, 0% used [0x000000076fc80000,0x000000076fc80000,0x0000000770700000)
 ParOldGen       total 173568K, used 0K [0x00000006c3600000, 0x00000006cdf80000, 0x000000076bd00000)
  object space 173568K, 0% used [0x00000006c3600000,0x00000006c3600000,0x00000006cdf80000)
 Metaspace       used 775K, capacity 4480K, committed 4480K, reserved 1056768K
  class space    used 76K, capacity 384K, committed 384K, reserved 1048576K

Card table byte_map: [0x0000000012890000,0x0000000013080000] byte_map_base: 0x000000000f275000

Marking Bits: (ParMarkBitMap*) 0x0000000072725ce0
 Begin Bits: [0x0000000013dd0000, 0x0000000017cf8000)
 End Bits:   [0x0000000017cf8000, 0x000000001bc20000)

Polling page: 0x0000000002d50000

CodeCache: size=245760Kb used=328Kb max_used=328Kb free=245431Kb
 bounds [0x00000000034d0000, 0x0000000003740000, 0x00000000124d0000]
 total_blobs=58 nmethods=0 adapters=38
 compilation: enabled

Compilation events (0 events):
No events

GC Heap History (0 events):
No events

Deoptimization events (0 events):
No events

Classes redefined (0 events):
No events

Internal exceptions (0 events):
No events

Events (10 events):
Event: 0.035 loading class java/lang/Short
Event: 0.035 loading class java/lang/Short done
Event: 0.035 loading class java/lang/Integer
Event: 0.035 loading class java/lang/Integer done
Event: 0.035 loading class java/lang/Long
Event: 0.036 loading class java/lang/Long done
Event: 0.036 loading class java/lang/NullPointerException
Event: 0.036 loading class java/lang/NullPointerException done
Event: 0.036 loading class java/lang/ArithmeticException
Event: 0.036 loading class java/lang/ArithmeticException done


Dynamic libraries:
0x00007ff793db0000 - 0x00007ff793de7000 	H:\Java\jdk1.8\bin\java.exe
0x00007fff4c7d0000 - 0x00007fff4c9e7000 	C:\WINDOWS\SYSTEM32\ntdll.dll
0x00007fff4c060000 - 0x00007fff4c124000 	C:\WINDOWS\System32\KERNEL32.DLL
0x00007fff4a080000 - 0x00007fff4a42d000 	C:\WINDOWS\System32\KERNELBASE.dll
0x00007fff4bf70000 - 0x00007fff4c022000 	C:\WINDOWS\System32\ADVAPI32.dll
0x00007fff4c2e0000 - 0x00007fff4c387000 	C:\WINDOWS\System32\msvcrt.dll
0x00007fff4bd40000 - 0x00007fff4bde9000 	C:\WINDOWS\System32\sechost.dll
0x00007fff49af0000 - 0x00007fff49b18000 	C:\WINDOWS\System32\bcrypt.dll
0x00007fff4be50000 - 0x00007fff4bf64000 	C:\WINDOWS\System32\RPCRT4.dll
0x00007fff4af40000 - 0x00007fff4b0ee000 	C:\WINDOWS\System32\USER32.dll
0x00007fff4a4d0000 - 0x00007fff4a4f6000 	C:\WINDOWS\System32\win32u.dll
0x00007fff4c030000 - 0x00007fff4c059000 	C:\WINDOWS\System32\GDI32.dll
0x00007fff49d00000 - 0x00007fff49e19000 	C:\WINDOWS\System32\gdi32full.dll
0x00007fff4a430000 - 0x00007fff4a4ca000 	C:\WINDOWS\System32\msvcp_win.dll
0x00007fff49be0000 - 0x00007fff49cf1000 	C:\WINDOWS\System32\ucrtbase.dll
0x00007fff48d40000 - 0x00007fff48fd3000 	C:\WINDOWS\WinSxS\amd64_microsoft.windows.common-controls_6595b64144ccf1df_6.0.22621.3672_none_2713b9d173822955\COMCTL32.dll
0x00007fff4ba60000 - 0x00007fff4ba91000 	C:\WINDOWS\System32\IMM32.DLL
0x0000000073a80000 - 0x0000000073b52000 	H:\Java\jdk1.8\jre\bin\msvcr100.dll
0x0000000071f00000 - 0x00000000727a5000 	H:\Java\jdk1.8\jre\bin\server\jvm.dll
0x00007fff4baa0000 - 0x00007fff4baa8000 	C:\WINDOWS\System32\PSAPI.DLL
0x00007fff380f0000 - 0x00007fff38124000 	C:\WINDOWS\SYSTEM32\WINMM.dll
0x00007fff379b0000 - 0x00007fff379ba000 	C:\WINDOWS\SYSTEM32\VERSION.dll
0x00007fff275c0000 - 0x00007fff275c9000 	C:\WINDOWS\SYSTEM32\WSOCK32.dll
0x00007fff4c710000 - 0x00007fff4c781000 	C:\WINDOWS\System32\WS2_32.dll
0x00007fff37710000 - 0x00007fff3771f000 	H:\Java\jdk1.8\jre\bin\verify.dll
0x00007fff2fa90000 - 0x00007fff2fab9000 	H:\Java\jdk1.8\jre\bin\java.dll
0x00007fff40020000 - 0x00007fff40043000 	H:\Java\jdk1.8\jre\bin\instrument.dll
0x00007fff2e640000 - 0x00007fff2e656000 	H:\Java\jdk1.8\jre\bin\zip.dll

VM Arguments:
jvm_args: -Dmaven.multiModuleProjectDirectory=H:\Java\project\stock\stock_parent\stock_parent_security\stock_parent -Djansi.passthrough=true -Dmaven.home=E:\Program\IntelliJ IDEA 2024.1\plugins\maven\lib\maven3 -Dclassworlds.conf=E:\Program\IntelliJ IDEA 2024.1\plugins\maven\lib\maven3\bin\m2.conf -Dmaven.ext.class.path=E:\Program\IntelliJ IDEA 2024.1\plugins\maven\lib\maven-event-listener.jar -javaagent:E:\Program\IntelliJ IDEA 2024.1\lib\idea_rt.jar=13226:E:\Program\IntelliJ IDEA 2024.1\bin -Dfile.encoding=UTF-8 
java_command: org.codehaus.classworlds.Launcher -Didea.version=2024.1 -s H:\Java\apache-maven-3.9.6\conf\settings.xml -Dmaven.repo.local=H:\Java\JAR clean
java_class_path (initial): E:\Program\IntelliJ IDEA 2024.1\plugins\maven\lib\maven3\boot\plexus-classworlds-2.7.0.jar;E:\Program\IntelliJ IDEA 2024.1\plugins\maven\lib\maven3\boot\plexus-classworlds.license;E:\Program\IntelliJ IDEA 2024.1\lib\idea_rt.jar
Launcher Type: SUN_STANDARD

Environment Variables:
JAVA_HOME=H:\Java\jdk
CLASSPATH=.;H:\Java\jdk\lib;H:\Java\jdk\lib\tools.jar
PATH=H:\Program\vmware\bin\;C:\Windows\system32;C:\Windows;C:\Windows\System32\Wbem;C:\Windows\System32\WindowsPowerShell\v1.0\;C:\Windows\System32\OpenSSH\;C:\Program Files\Intel\WiFi\bin\;H:\Java\jdk\bin;H:\Java\jdk\jre\bin;C:\Program Files\Common Files\Oracle\Java\javapath;C:\Program Files (x86)\Common Files\Oracle\Java\javapath;C:\Program Files\Common Files\Intel\WirelessCommon\;C:\Program Files (x86)\NVIDIA Corporation\PhysX\Common;C:\Program Files\NVIDIA Corporation\NVIDIA NvDLISR;C:\WINDOWS\system32;C:\WINDOWS;C:\WINDOWS\System32\Wbem;C:\WINDOWS\System32\WindowsPowerShell\v1.0\;C:\WINDOWS\System32\OpenSSH\;C:\Program Files\dotnet\;C:\Program Files\Bandizip\;H:\Program\git\Git\cmd;C:\Program Files\TortoiseGit\bin;C:\Users\16232\AppData\Roaming\Microsoft\Windows\Start Menu\Programs\Python 3.11;H:\Golang\Golang_SDK\bin;H:\Program\matlab\bin;H:\Java\jdk\bin;C:\Program Files\Vim\vim91;E:\Program\Graphviz\bin;H:\Java\apache-maven-3.9.6\bin;H:\mysql\mysql-8.3.0-winx64\bin;E:\Program\xshell\;E:\Program\xftp\;C:\Users\16232\AppData\Roaming\nvm;C:\Program Files\nodejs;C:\Users\16232\AppData\Local\Programs\Python\Python311\Scripts\;C:\Users\16232\AppData\Local\Programs\Python\Python311\;C:\Users\16232\AppData\Local\Microsoft\WindowsApps;H:\Program\Microsoft VS Code\bin;C:\Users\16232\AppData\Roaming\npm;C:\Users\16232\.dotnet\tools;D:\WebStorm 2023.1.1\bin;;C:\Users\16232\go\bin;E:\Program\IntelliJ IDEA 2024.1\bin;;H:\Program\datagrid\DataGrip 2024.1.3\bin;;C:\Users\16232\AppData\Roaming\nvm;C:\Program Files\nodejs
USERNAME=16232
OS=Windows_NT
PROCESSOR_IDENTIFIER=Intel64 Family 6 Model 158 Stepping 10, GenuineIntel



---------------  S Y S T E M  ---------------

OS: Windows 10.0 , 64 bit Build 22621 (10.0.22621.3958)

CPU:total 8 (initial active 8) (4 cores per cpu, 2 threads per core) family 6 model 158 stepping 10, cmov, cx8, fxsr, mmx, sse, sse2, sse3, ssse3, sse4.1, sse4.2, popcnt, avx, avx2, aes, clmul, erms, 3dnowpref, lzcnt, ht, tsc, tscinvbit, bmi1, bmi2, adx

Memory: 4k page, physical 16553372k(451864k free), swap 45534104k(6372k free)

vm_info: Java HotSpot(TM) 64-Bit Server VM (25.202-b08) for windows-amd64 JRE (1.8.0_202-b08), built on Dec 15 2018 19:54:30 by "java_re" with MS VC++ 10.0 (VS2010)

time: Wed Oct 09 02:19:49 2024
timezone: 中国标准时间
elapsed time: 0 seconds (0d 0h 0m 0s)

